<?xml version="1.0" encoding="UTF-8"?>
<!-- Generated by org.testng.reporters.JUnitXMLReporter -->
<testsuite hostname="PINELABS12356" name="Default test" tests="6" failures="0" timestamp="8 Apr 2019 07:10:31 GMT" time="0.033" errors="0">
  <testcase name="@BeforeClass InitiateDriver" time="0.0" classname="com.Go_Jek.Amazon.MainTestPackage.AmazonCartMainclass">
    <failure type="org.testng.TestNGException" message="
Parameter &amp;apos;Browser&amp;apos; is required by @Configuration on method InitiateDriver but has not been marked @Optional or defined
in C:\Users\parag.jain\AppData\Local\Temp\testng-eclipse-1275326898\testng-customsuite.xml">
      <![CDATA[org.testng.TestNGException: 
Parameter 'Browser' is required by @Configuration on method InitiateDriver but has not been marked @Optional or defined
in C:\Users\parag.jain\AppData\Local\Temp\testng-eclipse-1275326898\testng-customsuite.xml
	at org.testng.internal.Parameters.createParameters(Parameters.java:155)
	at org.testng.internal.Parameters.createParameters(Parameters.java:355)
	at org.testng.internal.Parameters.createConfigurationParameters(Parameters.java:86)
	at org.testng.internal.Invoker.invokeConfigurations(Invoker.java:199)
	at org.testng.internal.Invoker.invokeConfigurations(Invoker.java:138)
	at org.testng.internal.TestMethodWorker.invokeBeforeClassMethods(TestMethodWorker.java:175)
	at org.testng.internal.TestMethodWorker.run(TestMethodWorker.java:107)
	at org.testng.TestRunner.privateRun(TestRunner.java:767)
	at org.testng.TestRunner.run(TestRunner.java:617)
	at org.testng.SuiteRunner.runTest(SuiteRunner.java:334)
	at org.testng.SuiteRunner.runSequentially(SuiteRunner.java:329)
	at org.testng.SuiteRunner.privateRun(SuiteRunner.java:291)
	at org.testng.SuiteRunner.run(SuiteRunner.java:240)
	at org.testng.SuiteRunnerWorker.runSuite(SuiteRunnerWorker.java:52)
	at org.testng.SuiteRunnerWorker.run(SuiteRunnerWorker.java:86)
	at org.testng.TestNG.runSuitesSequentially(TestNG.java:1198)
	at org.testng.TestNG.runSuitesLocally(TestNG.java:1123)
	at org.testng.TestNG.run(TestNG.java:1031)
	at org.testng.remote.AbstractRemoteTestNG.run(AbstractRemoteTestNG.java:126)
	at org.testng.remote.RemoteTestNG.initAndRun(RemoteTestNG.java:152)
	at org.testng.remote.RemoteTestNG.main(RemoteTestNG.java:57)
]]>
    </failure>
  </testcase> <!-- @BeforeClass InitiateDriver -->
  <testcase name="@AfterClass DriverClose" time="0.0" classname="com.Go_Jek.Amazon.MainTestPackage.AmazonCartMainclass">
    <skipped/>
  </testcase> <!-- @AfterClass DriverClose -->
  <testcase name="DirectToHeadPhonesSelectionScreen" time="0.006" classname="com.Go_Jek.Amazon.MainTestPackage.AmazonCartMainclass">
    <skipped/>
  </testcase> <!-- DirectToHeadPhonesSelectionScreen -->
  <testcase name="AddHeadPhonesScreen" time="0.001" classname="com.Go_Jek.Amazon.MainTestPackage.AmazonCartMainclass">
    <skipped/>
  </testcase> <!-- AddHeadPhonesScreen -->
  <testcase name="SearchAndAddProduct" time="0.0" classname="com.Go_Jek.Amazon.MainTestPackage.AmazonCartMainclass">
    <skipped/>
  </testcase> <!-- SearchAndAddProduct -->
  <testcase name="RemoveHeadphones" time="0.001" classname="com.Go_Jek.Amazon.MainTestPackage.AmazonCartMainclass">
    <skipped/>
  </testcase> <!-- RemoveHeadphones -->
  <testcase name="ReduceProductQuantity" time="0.0" classname="com.Go_Jek.Amazon.MainTestPackage.AmazonCartMainclass">
    <skipped/>
  </testcase> <!-- ReduceProductQuantity -->
  <testcase name="MoveToCheckout" time="0.0" classname="com.Go_Jek.Amazon.MainTestPackage.AmazonCartMainclass">
    <skipped/>
  </testcase> <!-- MoveToCheckout -->
</testsuite> <!-- Default test -->
