<?xml version="1.0" encoding="UTF-8"?>
<!-- Generated by org.testng.reporters.JUnitReportReporter -->
<testsuite hostname="PINELABS12356" name="com.Go_Jek.Amazon.MainTestPackage.AmazonCartMainclass" tests="6" failures="1" timestamp="10 Apr 2019 06:36:24 GMT" time="0.085" errors="0">
  <testcase name="DirectToHeadPhonesSelectionScreen" time="0.046" classname="com.Go_Jek.Amazon.MainTestPackage.AmazonCartMainclass"/>
  <testcase name="MoveToCheckout" time="0.000" classname="com.Go_Jek.Amazon.MainTestPackage.AmazonCartMainclass">
    <failure type="org.testng.TestNGException" message="
Method MoveToCheckout requires 1 parameters but 0 were supplied in the @Test annotation.">
      <![CDATA[org.testng.TestNGException: 
Method MoveToCheckout requires 1 parameters but 0 were supplied in the @Test annotation.
	at org.testng.internal.Parameters.checkParameterTypes(Parameters.java:198)
	at org.testng.internal.Parameters.createParameters(Parameters.java:134)
	at org.testng.internal.Parameters.createParameters(Parameters.java:370)
	at org.testng.internal.Parameters.handleParameters(Parameters.java:447)
	at org.testng.internal.Invoker.handleParameters(Invoker.java:1383)
	at org.testng.internal.Invoker.createParameters(Invoker.java:1075)
	at org.testng.internal.Invoker.invokeTestMethods(Invoker.java:1180)
	at org.testng.internal.TestMethodWorker.invokeTestMethods(TestMethodWorker.java:127)
	at org.testng.internal.TestMethodWorker.run(TestMethodWorker.java:111)
	at org.testng.TestRunner.privateRun(TestRunner.java:767)
	at org.testng.TestRunner.run(TestRunner.java:617)
	at org.testng.SuiteRunner.runTest(SuiteRunner.java:334)
	at org.testng.SuiteRunner.runSequentially(SuiteRunner.java:329)
	at org.testng.SuiteRunner.privateRun(SuiteRunner.java:291)
	at org.testng.SuiteRunner.run(SuiteRunner.java:240)
	at org.testng.SuiteRunnerWorker.runSuite(SuiteRunnerWorker.java:52)
	at org.testng.SuiteRunnerWorker.run(SuiteRunnerWorker.java:86)
	at org.testng.TestNG.runSuitesSequentially(TestNG.java:1198)
	at org.testng.TestNG.runSuitesLocally(TestNG.java:1123)
	at org.testng.TestNG.run(TestNG.java:1031)
	at org.testng.remote.AbstractRemoteTestNG.run(AbstractRemoteTestNG.java:126)
	at org.testng.remote.RemoteTestNG.initAndRun(RemoteTestNG.java:152)
	at org.testng.remote.RemoteTestNG.main(RemoteTestNG.java:57)
]]>
    </failure>
  </testcase> <!-- MoveToCheckout -->
  <testcase name="SearchAndAddProduct" time="0.010" classname="com.Go_Jek.Amazon.MainTestPackage.AmazonCartMainclass"/>
  <testcase name="ReduceProductQuantity" time="0.007" classname="com.Go_Jek.Amazon.MainTestPackage.AmazonCartMainclass"/>
  <testcase name="AddHeadPhonesScreen" time="0.015" classname="com.Go_Jek.Amazon.MainTestPackage.AmazonCartMainclass"/>
  <testcase name="RemoveHeadphones" time="0.007" classname="com.Go_Jek.Amazon.MainTestPackage.AmazonCartMainclass"/>
</testsuite> <!-- com.Go_Jek.Amazon.MainTestPackage.AmazonCartMainclass -->
